<?xml version="1.0" encoding="UTF-8"?>
<!-- Generated by org.testng.reporters.JUnitReportReporter -->
<testsuite hostname="DESKTOP-MTKF7K8" failures="0" tests="2" name="testCases.TC_002_LoginTest" time="3.813" errors="0" timestamp="2025-06-19T00:10:02 IST" skipped="0">
  <testcase classname="testCases.TC_002_LoginTest" name="verify_login" time="2.062"/>
  <testcase classname="testCases.TC_002_LoginTest" name="verify_login" time="1.751"/>
</testsuite> <!-- testCases.TC_002_LoginTest -->
