<?xml version="1.0" encoding="UTF-8"?>
<!-- Generated by org.testng.reporters.JUnitReportReporter -->
<testsuite hostname="DESKTOP-MTKF7K8" failures="0" tests="5" name="testCases.TC_003_LoginDDT" time="39.520" errors="0" timestamp="2025-06-20T17:51:41 IST" skipped="0">
  <testcase classname="testCases.TC_003_LoginDDT" name="verify_loginDDT" time="2.540"/>
  <testcase classname="testCases.TC_003_LoginDDT" name="verify_loginDDT" time="2.306"/>
  <testcase classname="testCases.TC_003_LoginDDT" name="verify_loginDDT" time="11.508"/>
  <testcase classname="testCases.TC_003_LoginDDT" name="verify_loginDDT" time="11.678"/>
  <testcase classname="testCases.TC_003_LoginDDT" name="verify_loginDDT" time="11.488"/>
</testsuite> <!-- testCases.TC_003_LoginDDT -->
