<?xml version="1.0" encoding="UTF-8"?>
<!-- Generated by org.testng.reporters.JUnitReportReporter -->
<testsuite hostname="DESKTOP-MTKF7K8" failures="0" tests="1" name="testCases.TC_001_AccountRegistrationTest" time="2.174" errors="0" timestamp="2025-06-20T20:58:53 IST" skipped="0">
  <testcase classname="testCases.TC_001_AccountRegistrationTest" name="verify_account_registry" time="2.174"/>
</testsuite> <!-- testCases.TC_001_AccountRegistrationTest -->
